______Building Release______
CXX	src/Hardware/Execute.cpp
CXX	src/Hardware/GenerateProbingSets.cpp
CXX	src/Hardware/Print.cpp
CXX	src/Hardware/Test.cpp
CXX	src/Hardware/Prepare.cpp
CXX	src/Hardware/Definitions.cpp
CXX	src/Hardware/Simulate.cpp
CXX	src/Hardware/Read.cpp
CXX	src/Hardware/Analyze.cpp
CXX	src/Util/Util.cpp
CXX	src/PROLEAD.cpp
CXX	src/Software/Operators.cpp
CXX	src/Software/Execute.cpp
CXX	src/Software/mulator/conditions.cpp
CXX	src/Software/mulator/registers.cpp
CXX	src/Software/mulator/emulator_execution.cpp
CXX	src/Software/mulator/instruction.cpp
CXX	src/Software/mulator/return_codes.cpp
CXX	src/Software/mulator/instruction_decoder.cpp
CXX	src/Software/mulator/arm_functions.cpp
CXX	src/Software/mulator/emulator_base.cpp
CXX	src/Software/mulator/architectures.cpp
CXX	src/Software/mulator/shift_types.cpp
CXX	src/Software/mulator/mnemonics.cpp
CXX	src/Software/mulator/disassembler.cpp
CXX	src/Software/Print.cpp
CXX	src/Software/Test.cpp
CXX	src/Software/Prepare.cpp
CXX	src/Software/Definitions.cpp
CXX	src/Software/Simulate.cpp
CXX	src/Software/Read.cpp
CXX	src/Software/Probing.cpp
CXX	src/Software/Analyze.cpp

LINK	PROLEAD

Release build completed in 98.384s

